2023-01-29 16:20:43.034 [info] Log level: Info
2023-01-29 16:20:43.034 [info] Validating found git in: "git"
2023-01-29 16:20:43.034 [info] Using git "2.34.1" from "git"
2023-01-29 16:20:43.034 [info] > git rev-parse --show-toplevel [89ms]
2023-01-29 16:20:43.034 [info] fatal: not a git repository (or any of the parent directories): .git
2023-01-29 16:20:43.034 [info] > git rev-parse --show-toplevel [8ms]
2023-01-29 16:20:43.034 [info] > git rev-parse --git-dir --git-common-dir [1ms]
2023-01-29 16:20:43.034 [info] Open repository: /home/farzie_lynn/FarziTest
2023-01-29 16:20:43.139 [info] > git rev-parse --show-toplevel [129ms]
2023-01-29 16:20:43.139 [info] fatal: not a git repository (or any of the parent directories): .git
2023-01-29 16:20:43.153 [info] > git rev-parse --show-toplevel [7ms]
2023-01-29 16:20:43.153 [info] fatal: not a git repository (or any of the parent directories): .git
2023-01-29 16:20:43.171 [info] > git config --get commit.template [150ms]
2023-01-29 16:20:43.173 [info] > git rev-parse --show-toplevel [4ms]
2023-01-29 16:20:43.173 [info] fatal: not a git repository (or any of the parent directories): .git
2023-01-29 16:20:43.209 [info] > git for-each-ref --format=%(refname)%00%(upstream:short)%00%(objectname)%00%(upstream:track)%00%(upstream:remotename)%00%(upstream:remoteref) refs/heads/main refs/remotes/main [17ms]
2023-01-29 16:20:43.232 [info] > git status -z -uall [12ms]
2023-01-29 16:20:43.233 [info] > git for-each-ref --sort -committerdate --format %(refname) %(objectname) %(*objectname) [5ms]
2023-01-29 16:20:43.276 [info] > git config --get commit.template [15ms]
2023-01-29 16:20:43.279 [info] > git for-each-ref --format=%(refname)%00%(upstream:short)%00%(objectname)%00%(upstream:track)%00%(upstream:remotename)%00%(upstream:remoteref) refs/heads/main refs/remotes/main [5ms]
2023-01-29 16:20:43.292 [info] > git status -z -uall [7ms]
2023-01-29 16:20:43.294 [info] > git for-each-ref --sort -committerdate --format %(refname) %(objectname) %(*objectname) [4ms]
2023-01-29 16:20:43.544 [info] > git check-ignore -v -z --stdin [3ms]
2023-01-29 16:20:43.720 [info] > git rev-parse --show-toplevel [2ms]
2023-01-29 16:20:43.720 [info] fatal: not a git repository (or any of the parent directories): .git
2023-01-29 16:21:06.008 [info] > git config --get commit.template [2ms]
2023-01-29 16:21:06.020 [info] > git for-each-ref --format=%(refname)%00%(upstream:short)%00%(objectname)%00%(upstream:track)%00%(upstream:remotename)%00%(upstream:remoteref) refs/heads/main refs/remotes/main [3ms]
2023-01-29 16:21:06.031 [info] > git status -z -uall [6ms]
2023-01-29 16:21:06.034 [info] > git for-each-ref --sort -committerdate --format %(refname) %(objectname) %(*objectname) [2ms]
2023-01-29 16:21:06.052 [info] > git check-ignore -v -z --stdin [2ms]
2023-01-29 16:21:06.641 [info] > git clone https://github.com/FarzieLynn/FarziTest.git /home/farzie_lynn/FarziTest/FarziTest --progress [1735ms]
2023-01-29 16:21:06.641 [info] Cloning into '/home/farzie_lynn/FarziTest/FarziTest'...
remote: Enumerating objects: 3, done.        
remote: Counting objects:  33% (1/3)        remote: Counting objects:  66% (2/3)        remote: Counting objects: 100% (3/3)        remote: Counting objects: 100% (3/3), done.        
remote: Total 3 (delta 0), reused 0 (delta 0), pack-reused 0        
Receiving objects:  33% (1/3)Receiving objects:  66% (2/3)Receiving objects: 100% (3/3)Receiving objects: 100% (3/3), done.
